<?xml version="1.0" encoding="UTF-8"?>
<testng-results total="6" passed="3" failed="0" skipped="3">
  <reporter-output>
    <line>
      <![CDATA[pass: title is matching]]>
    </line>
    <line>
      <![CDATA[pass: element is visible]]>
    </line>
    <line>
      <![CDATA[pass: element is visible]]>
    </line>
  </reporter-output>
  <suite started-at="2019-06-20T03:12:24Z" name="Suite" finished-at="2019-06-20T03:14:53Z" duration-ms="149530">
    <groups>
    </groups>
    <test started-at="2019-06-20T03:12:24Z" name="FirefoxTest" finished-at="2019-06-20T03:13:28Z" duration-ms="64086">
      <class name="script.logout">
        <test-method is-config="true" signature="precondition(java.lang.String)[pri:0, instance:script.logout@6ff29830]" started-at="2019-06-20T08:43:28Z" name="precondition" finished-at="2019-06-20T08:43:28Z" duration-ms="0" status="SKIP">
          <reporter-output>
          </reporter-output>
        </test-method> <!-- precondition -->
        <test-method signature="method2()[pri:0, instance:script.logout@6ff29830]" started-at="2019-06-20T08:43:28Z" name="method2" finished-at="2019-06-20T08:43:28Z" duration-ms="2" status="SKIP">
          <reporter-output>
          </reporter-output>
        </test-method> <!-- method2 -->
        <test-method is-config="true" signature="postcondition(org.testng.ITestResult)[pri:0, instance:script.logout@6ff29830]" started-at="2019-06-20T08:43:28Z" name="postcondition" finished-at="2019-06-20T08:43:28Z" duration-ms="0" status="FAIL">
          <params>
            <param index="0">
              <value>
                <![CDATA[[TestResult name=method2 status=SKIP method=logout.method2()[pri:0, instance:script.logout@6ff29830] output={null}]]]>
              </value>
            </param>
          </params>
          <exception class="java.lang.NullPointerException">
            <full-stacktrace>
              <![CDATA[java.lang.NullPointerException
	at Generic.BaseTest.postcondition(BaseTest.java:46)
	at java.base/jdk.internal.reflect.NativeMethodAccessorImpl.invoke0(Native Method)
	at java.base/jdk.internal.reflect.NativeMethodAccessorImpl.invoke(Unknown Source)
	at java.base/jdk.internal.reflect.DelegatingMethodAccessorImpl.invoke(Unknown Source)
	at java.base/java.lang.reflect.Method.invoke(Unknown Source)
	at org.testng.internal.MethodInvocationHelper.invokeMethod(MethodInvocationHelper.java:100)
	at org.testng.internal.Invoker.invokeConfigurationMethod(Invoker.java:515)
	at org.testng.internal.Invoker.invokeConfigurations(Invoker.java:216)
	at org.testng.internal.Invoker.invokeMethod(Invoker.java:712)
	at org.testng.internal.Invoker.invokeTestMethod(Invoker.java:811)
	at org.testng.internal.Invoker.invokeTestMethods(Invoker.java:1129)
	at org.testng.internal.TestMethodWorker.invokeTestMethods(TestMethodWorker.java:129)
	at org.testng.internal.TestMethodWorker.run(TestMethodWorker.java:112)
	at org.testng.TestRunner.privateRun(TestRunner.java:746)
	at org.testng.TestRunner.run(TestRunner.java:600)
	at org.testng.SuiteRunner.runTest(SuiteRunner.java:366)
	at org.testng.SuiteRunner.access$000(SuiteRunner.java:39)
	at org.testng.SuiteRunner$SuiteWorker.run(SuiteRunner.java:400)
	at org.testng.internal.thread.ThreadUtil$2.call(ThreadUtil.java:64)
	at java.base/java.util.concurrent.FutureTask.run(Unknown Source)
	at java.base/java.util.concurrent.ThreadPoolExecutor.runWorker(Unknown Source)
	at java.base/java.util.concurrent.ThreadPoolExecutor$Worker.run(Unknown Source)
	at java.base/java.lang.Thread.run(Unknown Source)
]]>
            </full-stacktrace>
          </exception> <!-- java.lang.NullPointerException -->
          <reporter-output>
          </reporter-output>
        </test-method> <!-- postcondition -->
      </class> <!-- script.logout -->
      <class name="script.Users">
        <test-method is-config="true" signature="precondition(java.lang.String)[pri:0, instance:script.Users@6a2b953e]" started-at="2019-06-20T08:43:28Z" name="precondition" finished-at="2019-06-20T08:43:28Z" duration-ms="0" status="SKIP">
          <reporter-output>
          </reporter-output>
        </test-method> <!-- precondition -->
        <test-method signature="method3()[pri:0, instance:script.Users@6a2b953e]" started-at="2019-06-20T08:43:28Z" name="method3" finished-at="2019-06-20T08:43:28Z" duration-ms="7" status="SKIP">
          <reporter-output>
          </reporter-output>
        </test-method> <!-- method3 -->
        <test-method is-config="true" signature="postcondition(org.testng.ITestResult)[pri:0, instance:script.Users@6a2b953e]" started-at="2019-06-20T08:43:28Z" name="postcondition" finished-at="2019-06-20T08:43:28Z" duration-ms="0" status="FAIL">
          <params>
            <param index="0">
              <value>
                <![CDATA[[TestResult name=method3 status=SKIP method=Users.method3()[pri:0, instance:script.Users@6a2b953e] output={null}]]]>
              </value>
            </param>
          </params>
          <exception class="java.lang.NullPointerException">
            <full-stacktrace>
              <![CDATA[java.lang.NullPointerException
	at Generic.BaseTest.postcondition(BaseTest.java:46)
	at java.base/jdk.internal.reflect.NativeMethodAccessorImpl.invoke0(Native Method)
	at java.base/jdk.internal.reflect.NativeMethodAccessorImpl.invoke(Unknown Source)
	at java.base/jdk.internal.reflect.DelegatingMethodAccessorImpl.invoke(Unknown Source)
	at java.base/java.lang.reflect.Method.invoke(Unknown Source)
	at org.testng.internal.MethodInvocationHelper.invokeMethod(MethodInvocationHelper.java:100)
	at org.testng.internal.Invoker.invokeConfigurationMethod(Invoker.java:515)
	at org.testng.internal.Invoker.invokeConfigurations(Invoker.java:216)
	at org.testng.internal.Invoker.invokeMethod(Invoker.java:712)
	at org.testng.internal.Invoker.invokeTestMethod(Invoker.java:811)
	at org.testng.internal.Invoker.invokeTestMethods(Invoker.java:1129)
	at org.testng.internal.TestMethodWorker.invokeTestMethods(TestMethodWorker.java:129)
	at org.testng.internal.TestMethodWorker.run(TestMethodWorker.java:112)
	at org.testng.TestRunner.privateRun(TestRunner.java:746)
	at org.testng.TestRunner.run(TestRunner.java:600)
	at org.testng.SuiteRunner.runTest(SuiteRunner.java:366)
	at org.testng.SuiteRunner.access$000(SuiteRunner.java:39)
	at org.testng.SuiteRunner$SuiteWorker.run(SuiteRunner.java:400)
	at org.testng.internal.thread.ThreadUtil$2.call(ThreadUtil.java:64)
	at java.base/java.util.concurrent.FutureTask.run(Unknown Source)
	at java.base/java.util.concurrent.ThreadPoolExecutor.runWorker(Unknown Source)
	at java.base/java.util.concurrent.ThreadPoolExecutor$Worker.run(Unknown Source)
	at java.base/java.lang.Thread.run(Unknown Source)
]]>
            </full-stacktrace>
          </exception> <!-- java.lang.NullPointerException -->
          <reporter-output>
          </reporter-output>
        </test-method> <!-- postcondition -->
      </class> <!-- script.Users -->
      <class name="script.loginscript">
        <test-method is-config="true" signature="precondition(java.lang.String)[pri:0, instance:script.loginscript@2638011]" started-at="2019-06-20T08:42:24Z" name="precondition" finished-at="2019-06-20T08:42:24Z" duration-ms="0" status="FAIL">
          <params>
            <param index="0">
              <value>
                <![CDATA[firefox]]>
              </value>
            </param>
          </params>
          <exception class="org.openqa.selenium.WebDriverException">
            <message>
              <![CDATA[connection refused
Build info: version: '3.141.59', revision: 'e82be7d358', time: '2018-11-14T08:25:53'
System info: host: 'WELCOME-PC', ip: '192.168.43.83', os.name: 'Windows 7', os.arch: 'amd64', os.version: '6.1', java.version: '10.0.1'
Driver info: driver.version: FirefoxDriver
remote stacktrace: ]]>
            </message>
            <full-stacktrace>
              <![CDATA[org.openqa.selenium.WebDriverException: connection refused
Build info: version: '3.141.59', revision: 'e82be7d358', time: '2018-11-14T08:25:53'
System info: host: 'WELCOME-PC', ip: '192.168.43.83', os.name: 'Windows 7', os.arch: 'amd64', os.version: '6.1', java.version: '10.0.1'
Driver info: driver.version: FirefoxDriver
remote stacktrace: 
	at java.base/jdk.internal.reflect.NativeConstructorAccessorImpl.newInstance0(Native Method)
	at java.base/jdk.internal.reflect.NativeConstructorAccessorImpl.newInstance(Unknown Source)
	at java.base/jdk.internal.reflect.DelegatingConstructorAccessorImpl.newInstance(Unknown Source)
	at java.base/java.lang.reflect.Constructor.newInstance(Unknown Source)
	at org.openqa.selenium.remote.W3CHandshakeResponse.lambda$errorHandler$0(W3CHandshakeResponse.java:62)
	at org.openqa.selenium.remote.HandshakeResponse.lambda$getResponseFunction$0(HandshakeResponse.java:30)
	at org.openqa.selenium.remote.ProtocolHandshake.lambda$createSession$0(ProtocolHandshake.java:126)
	at java.base/java.util.stream.ReferencePipeline$3$1.accept(Unknown Source)
	at java.base/java.util.Spliterators$ArraySpliterator.tryAdvance(Unknown Source)
	at java.base/java.util.stream.ReferencePipeline.forEachWithCancel(Unknown Source)
	at java.base/java.util.stream.AbstractPipeline.copyIntoWithCancel(Unknown Source)
	at java.base/java.util.stream.AbstractPipeline.copyInto(Unknown Source)
	at java.base/java.util.stream.AbstractPipeline.wrapAndCopyInto(Unknown Source)
	at java.base/java.util.stream.FindOps$FindOp.evaluateSequential(Unknown Source)
	at java.base/java.util.stream.AbstractPipeline.evaluate(Unknown Source)
	at java.base/java.util.stream.ReferencePipeline.findFirst(Unknown Source)
	at org.openqa.selenium.remote.ProtocolHandshake.createSession(ProtocolHandshake.java:128)
	at org.openqa.selenium.remote.ProtocolHandshake.createSession(ProtocolHandshake.java:74)
	at org.openqa.selenium.remote.HttpCommandExecutor.execute(HttpCommandExecutor.java:136)
	at org.openqa.selenium.remote.service.DriverCommandExecutor.execute(DriverCommandExecutor.java:83)
	at org.openqa.selenium.remote.RemoteWebDriver.execute(RemoteWebDriver.java:552)
	at org.openqa.selenium.remote.RemoteWebDriver.startSession(RemoteWebDriver.java:213)
	at org.openqa.selenium.remote.RemoteWebDriver.<init>(RemoteWebDriver.java:131)
	at org.openqa.selenium.firefox.FirefoxDriver.<init>(FirefoxDriver.java:147)
	at org.openqa.selenium.firefox.FirefoxDriver.<init>(FirefoxDriver.java:125)
	at Generic.BaseTest.precondition(BaseTest.java:28)
	at java.base/jdk.internal.reflect.NativeMethodAccessorImpl.invoke0(Native Method)
	at java.base/jdk.internal.reflect.NativeMethodAccessorImpl.invoke(Unknown Source)
	at java.base/jdk.internal.reflect.DelegatingMethodAccessorImpl.invoke(Unknown Source)
	at java.base/java.lang.reflect.Method.invoke(Unknown Source)
	at org.testng.internal.MethodInvocationHelper.invokeMethod(MethodInvocationHelper.java:100)
	at org.testng.internal.Invoker.invokeConfigurationMethod(Invoker.java:515)
	at org.testng.internal.Invoker.invokeConfigurations(Invoker.java:216)
	at org.testng.internal.Invoker.invokeMethod(Invoker.java:590)
	at org.testng.internal.Invoker.invokeTestMethod(Invoker.java:811)
	at org.testng.internal.Invoker.invokeTestMethods(Invoker.java:1129)
	at org.testng.internal.TestMethodWorker.invokeTestMethods(TestMethodWorker.java:129)
	at org.testng.internal.TestMethodWorker.run(TestMethodWorker.java:112)
	at org.testng.TestRunner.privateRun(TestRunner.java:746)
	at org.testng.TestRunner.run(TestRunner.java:600)
	at org.testng.SuiteRunner.runTest(SuiteRunner.java:366)
	at org.testng.SuiteRunner.access$000(SuiteRunner.java:39)
	at org.testng.SuiteRunner$SuiteWorker.run(SuiteRunner.java:400)
	at org.testng.internal.thread.ThreadUtil$2.call(ThreadUtil.java:64)
	at java.base/java.util.concurrent.FutureTask.run(Unknown Source)
	at java.base/java.util.concurrent.ThreadPoolExecutor.runWorker(Unknown Source)
	at java.base/java.util.concurrent.ThreadPoolExecutor$Worker.run(Unknown Source)
	at java.base/java.lang.Thread.run(Unknown Source)
]]>
            </full-stacktrace>
          </exception> <!-- org.openqa.selenium.WebDriverException -->
          <reporter-output>
          </reporter-output>
        </test-method> <!-- precondition -->
        <test-method signature="method1()[pri:0, instance:script.loginscript@2638011]" started-at="2019-06-20T08:43:28Z" name="method1" finished-at="2019-06-20T08:43:28Z" duration-ms="2" status="SKIP">
          <reporter-output>
          </reporter-output>
        </test-method> <!-- method1 -->
        <test-method is-config="true" signature="postcondition(org.testng.ITestResult)[pri:0, instance:script.loginscript@2638011]" started-at="2019-06-20T08:43:28Z" name="postcondition" finished-at="2019-06-20T08:43:28Z" duration-ms="0" status="FAIL">
          <params>
            <param index="0">
              <value>
                <![CDATA[[TestResult name=method1 status=SKIP method=loginscript.method1()[pri:0, instance:script.loginscript@2638011] output={null}]]]>
              </value>
            </param>
          </params>
          <exception class="java.lang.NullPointerException">
            <full-stacktrace>
              <![CDATA[java.lang.NullPointerException
	at Generic.BaseTest.postcondition(BaseTest.java:46)
	at java.base/jdk.internal.reflect.NativeMethodAccessorImpl.invoke0(Native Method)
	at java.base/jdk.internal.reflect.NativeMethodAccessorImpl.invoke(Unknown Source)
	at java.base/jdk.internal.reflect.DelegatingMethodAccessorImpl.invoke(Unknown Source)
	at java.base/java.lang.reflect.Method.invoke(Unknown Source)
	at org.testng.internal.MethodInvocationHelper.invokeMethod(MethodInvocationHelper.java:100)
	at org.testng.internal.Invoker.invokeConfigurationMethod(Invoker.java:515)
	at org.testng.internal.Invoker.invokeConfigurations(Invoker.java:216)
	at org.testng.internal.Invoker.invokeMethod(Invoker.java:712)
	at org.testng.internal.Invoker.invokeTestMethod(Invoker.java:811)
	at org.testng.internal.Invoker.invokeTestMethods(Invoker.java:1129)
	at org.testng.internal.TestMethodWorker.invokeTestMethods(TestMethodWorker.java:129)
	at org.testng.internal.TestMethodWorker.run(TestMethodWorker.java:112)
	at org.testng.TestRunner.privateRun(TestRunner.java:746)
	at org.testng.TestRunner.run(TestRunner.java:600)
	at org.testng.SuiteRunner.runTest(SuiteRunner.java:366)
	at org.testng.SuiteRunner.access$000(SuiteRunner.java:39)
	at org.testng.SuiteRunner$SuiteWorker.run(SuiteRunner.java:400)
	at org.testng.internal.thread.ThreadUtil$2.call(ThreadUtil.java:64)
	at java.base/java.util.concurrent.FutureTask.run(Unknown Source)
	at java.base/java.util.concurrent.ThreadPoolExecutor.runWorker(Unknown Source)
	at java.base/java.util.concurrent.ThreadPoolExecutor$Worker.run(Unknown Source)
	at java.base/java.lang.Thread.run(Unknown Source)
]]>
            </full-stacktrace>
          </exception> <!-- java.lang.NullPointerException -->
          <reporter-output>
          </reporter-output>
        </test-method> <!-- postcondition -->
      </class> <!-- script.loginscript -->
    </test> <!-- FirefoxTest -->
    <test started-at="2019-06-20T03:12:24Z" name="ChromeTest" finished-at="2019-06-20T03:14:53Z" duration-ms="149530">
      <class name="script.Users">
        <test-method is-config="true" signature="precondition(java.lang.String)[pri:0, instance:script.Users@c86b9e3]" started-at="2019-06-20T08:44:06Z" name="precondition" finished-at="2019-06-20T08:44:34Z" duration-ms="28074" status="PASS">
          <params>
            <param index="0">
              <value>
                <![CDATA[chrome]]>
              </value>
            </param>
          </params>
          <reporter-output>
          </reporter-output>
        </test-method> <!-- precondition -->
        <test-method signature="method3()[pri:0, instance:script.Users@c86b9e3]" started-at="2019-06-20T08:44:34Z" name="method3" finished-at="2019-06-20T08:44:51Z" duration-ms="17738" status="PASS">
          <reporter-output>
            <line>
              <![CDATA[pass: element is visible]]>
            </line>
          </reporter-output>
        </test-method> <!-- method3 -->
        <test-method is-config="true" signature="postcondition(org.testng.ITestResult)[pri:0, instance:script.Users@c86b9e3]" started-at="2019-06-20T08:44:51Z" name="postcondition" finished-at="2019-06-20T08:44:53Z" duration-ms="2099" status="PASS">
          <params>
            <param index="0">
              <value>
                <![CDATA[[TestResult name=method3 status=SUCCESS method=Users.method3()[pri:0, instance:script.Users@c86b9e3] output=pass: element is visible]]]>
              </value>
            </param>
          </params>
          <reporter-output>
          </reporter-output>
        </test-method> <!-- postcondition -->
      </class> <!-- script.Users -->
      <class name="script.logout">
        <test-method is-config="true" signature="precondition(java.lang.String)[pri:0, instance:script.logout@6aaceffd]" started-at="2019-06-20T08:43:42Z" name="precondition" finished-at="2019-06-20T08:44:01Z" duration-ms="18614" status="PASS">
          <params>
            <param index="0">
              <value>
                <![CDATA[chrome]]>
              </value>
            </param>
          </params>
          <reporter-output>
          </reporter-output>
        </test-method> <!-- precondition -->
        <test-method signature="method2()[pri:0, instance:script.logout@6aaceffd]" started-at="2019-06-20T08:44:01Z" name="method2" finished-at="2019-06-20T08:44:03Z" duration-ms="2496" status="PASS">
          <reporter-output>
            <line>
              <![CDATA[pass: element is visible]]>
            </line>
          </reporter-output>
        </test-method> <!-- method2 -->
        <test-method is-config="true" signature="postcondition(org.testng.ITestResult)[pri:0, instance:script.logout@6aaceffd]" started-at="2019-06-20T08:44:03Z" name="postcondition" finished-at="2019-06-20T08:44:06Z" duration-ms="2344" status="PASS">
          <params>
            <param index="0">
              <value>
                <![CDATA[[TestResult name=method2 status=SUCCESS method=logout.method2()[pri:0, instance:script.logout@6aaceffd] output=pass: element is visible]]]>
              </value>
            </param>
          </params>
          <reporter-output>
          </reporter-output>
        </test-method> <!-- postcondition -->
      </class> <!-- script.logout -->
      <class name="script.loginscript">
        <test-method is-config="true" signature="precondition(java.lang.String)[pri:0, instance:script.loginscript@e4487af]" started-at="2019-06-20T08:42:24Z" name="precondition" finished-at="2019-06-20T08:43:07Z" duration-ms="42565" status="PASS">
          <params>
            <param index="0">
              <value>
                <![CDATA[chrome]]>
              </value>
            </param>
          </params>
          <reporter-output>
          </reporter-output>
        </test-method> <!-- precondition -->
        <test-method signature="method1()[pri:0, instance:script.loginscript@e4487af]" started-at="2019-06-20T08:43:07Z" name="method1" finished-at="2019-06-20T08:43:40Z" duration-ms="33344" status="PASS">
          <reporter-output>
            <line>
              <![CDATA[pass: title is matching]]>
            </line>
          </reporter-output>
        </test-method> <!-- method1 -->
        <test-method is-config="true" signature="postcondition(org.testng.ITestResult)[pri:0, instance:script.loginscript@e4487af]" started-at="2019-06-20T08:43:40Z" name="postcondition" finished-at="2019-06-20T08:43:42Z" duration-ms="2221" status="PASS">
          <params>
            <param index="0">
              <value>
                <![CDATA[[TestResult name=method1 status=SUCCESS method=loginscript.method1()[pri:0, instance:script.loginscript@e4487af] output=pass: title is matching]]]>
              </value>
            </param>
          </params>
          <reporter-output>
          </reporter-output>
        </test-method> <!-- postcondition -->
      </class> <!-- script.loginscript -->
    </test> <!-- ChromeTest -->
  </suite> <!-- Suite -->
</testng-results>
